SF:lib/model/todo.g.dart
DA:13,1
DA:15,1
DA:16,1
DA:17,5
DA:19,1
DA:20,1
DA:21,1
DA:22,2
DA:25,1
DA:28,1
DA:29,1
DA:30,2
DA:31,1
DA:32,2
DA:33,1
DA:34,2
DA:37,0
DA:38,0
DA:40,0
DA:43,0
DA:44,0
DA:45,0
LF:22
LH:16
end_of_record
SF:lib/model/todo.dart
DA:16,1
LF:1
LH:1
end_of_record
SF:lib/repository/todo_repository.dart
DA:12,2
DA:14,2
DA:15,6
DA:17,6
DA:21,1
DA:22,2
DA:24,3
DA:30,1
DA:31,2
DA:33,4
DA:37,2
DA:38,4
DA:40,3
DA:41,1
DA:45,1
DA:46,2
DA:48,3
DA:49,4
DA:55,1
DA:56,2
DA:58,1
DA:59,1
DA:60,4
DA:61,1
DA:64,1
DA:65,4
DA:66,1
DA:69,2
DA:70,8
DA:72,2
DA:77,1
DA:78,2
DA:80,3
LF:33
LH:33
end_of_record
SF:lib/animations/main_animation.dart
DA:7,1
DA:10,2
DA:11,1
LF:3
LH:3
end_of_record
SF:lib/blocs/bloc.dart
DA:6,2
DA:8,1
DA:9,1
DA:10,2
DA:11,0
DA:13,0
LF:6
LH:4
end_of_record
SF:lib/blocs/todo_bloc.dart
DA:13,1
DA:16,1
DA:17,3
DA:18,0
DA:21,0
DA:22,0
DA:24,0
DA:25,0
DA:26,0
DA:28,0
DA:30,0
DA:31,0
DA:33,0
DA:34,0
DA:37,0
DA:38,0
DA:40,0
DA:41,0
DA:43,0
DA:44,0
DA:47,0
DA:48,0
DA:50,0
DA:51,0
DA:53,0
DA:54,0
LF:26
LH:3
end_of_record
SF:lib/blocs/todo_state.dart
DA:8,0
DA:10,0
DA:11,0
LF:3
LH:0
end_of_record
SF:lib/screens/home_screen.dart
DA:15,0
DA:17,1
DA:18,1
DA:28,1
DA:30,1
DA:32,2
DA:33,2
DA:35,2
DA:37,2
DA:40,3
DA:41,3
DA:42,2
DA:45,2
DA:48,1
DA:50,2
DA:51,2
DA:53,1
DA:56,1
DA:57,1
DA:58,1
DA:59,1
DA:63,0
DA:64,0
DA:65,0
DA:66,0
DA:67,0
DA:68,0
DA:69,0
DA:71,0
DA:78,0
DA:79,0
DA:81,0
DA:83,0
DA:84,0
DA:86,0
DA:87,0
DA:90,0
DA:95,0
DA:96,0
DA:97,0
DA:98,0
DA:100,0
DA:104,0
DA:105,0
DA:106,0
DA:107,0
DA:108,0
DA:110,0
DA:118,0
DA:119,0
DA:120,0
DA:122,0
DA:124,0
DA:127,0
DA:128,0
DA:132,0
DA:133,0
DA:134,0
DA:135,0
DA:136,0
DA:137,0
DA:138,0
DA:139,0
DA:140,0
DA:141,0
DA:142,0
DA:144,0
DA:145,0
DA:148,0
DA:155,0
DA:156,0
DA:160,0
DA:164,0
DA:166,0
DA:168,0
DA:169,0
DA:170,0
DA:171,0
DA:172,0
DA:173,0
DA:174,0
DA:175,0
DA:176,0
DA:178,0
DA:180,0
DA:181,0
DA:182,0
DA:183,0
DA:184,0
DA:185,0
DA:186,0
DA:187,0
DA:188,0
DA:189,0
DA:190,0
DA:191,0
DA:192,0
DA:193,0
DA:199,0
DA:200,0
DA:202,0
DA:204,0
DA:205,0
DA:207,0
DA:208,0
DA:209,0
DA:210,0
DA:214,0
DA:215,0
DA:216,0
DA:217,0
DA:220,0
DA:221,0
DA:225,0
LF:114
LH:20
end_of_record
SF:lib/utils/localization.dart
DA:10,0
DA:12,0
DA:13,0
DA:21,0
DA:22,0
DA:23,0
DA:25,0
DA:27,0
DA:28,0
DA:29,0
DA:34,0
DA:39,0
DA:41,0
DA:42,0
DA:45,0
DA:47,0
DA:48,0
DA:52,0
LF:18
LH:0
end_of_record
SF:lib/widgets/progress_loader.dart
DA:4,0
DA:6,1
DA:7,1
LF:3
LH:2
end_of_record
