SF:lib/model/todo.g.dart
DA:13,1
DA:15,1
DA:16,1
DA:17,5
DA:19,1
DA:20,1
DA:21,1
DA:25,1
DA:28,1
DA:29,1
DA:30,2
DA:31,1
DA:32,2
DA:35,0
DA:36,0
DA:38,0
DA:41,0
DA:42,0
DA:43,0
LF:19
LH:13
end_of_record
SF:lib/model/todo.dart
DA:13,1
LF:1
LH:1
end_of_record
SF:lib/repository/todo_repository.dart
DA:12,1
DA:14,1
DA:15,3
DA:17,3
DA:21,1
DA:22,2
DA:24,2
DA:25,3
DA:31,1
DA:32,2
DA:34,3
DA:38,1
DA:39,2
DA:41,2
DA:46,1
DA:47,2
DA:49,2
DA:51,3
DA:54,1
DA:55,4
DA:57,2
DA:62,1
DA:63,2
DA:65,3
LF:24
LH:24
end_of_record
